<?xml version="1.0" encoding="UTF-8"?>
<!-- Generated by org.testng.reporters.JUnitReportReporter -->
<testsuite hostname="Anita" failures="0" tests="1" name="sEasyDemo.SE.BasePageNav" time="9.748" errors="0" timestamp="2020-11-12T15:37:18 CET" skipped="0">
  <testcase classname="sEasyDemo.SE.BasePageNav" name="getPage" time="9.748"/>
  <system-out/>
</testsuite> <!-- sEasyDemo.SE.BasePageNav -->
