<?xml version="1.0" encoding="UTF-8"?>
<!-- Generated by org.testng.reporters.JUnitReportReporter -->
<testsuite hostname="Anita" failures="0" tests="1" name="sEasyDemo.SE.BasePageNav" time="5.709" errors="0" timestamp="2020-11-11T21:43:06 CET" skipped="0">
  <testcase classname="sEasyDemo.SE.BasePageNav" name="getPage" time="5.709"/>
  <system-out/>
</testsuite> <!-- sEasyDemo.SE.BasePageNav -->
