<?xml version="1.0" encoding="UTF-8"?>
<!-- Generated by org.testng.reporters.JUnitReportReporter -->
<testsuite hostname="Anita" failures="0" tests="1" name="sEasyDemo.SE.singleInputFieldPageTest" time="3.644" errors="0" timestamp="2020-11-30T09:26:07 CET" skipped="0">
  <testcase classname="sEasyDemo.SE.singleInputFieldPageTest" name="getPage" time="3.644"/>
  <system-out/>
</testsuite> <!-- sEasyDemo.SE.singleInputFieldPageTest -->
