<?xml version="1.0" encoding="UTF-8"?>
<!-- Generated by org.testng.reporters.JUnitReportReporter -->
<testsuite hostname="Anita" failures="0" tests="1" name="sEasyDemo.SE.singleInputFieldPageTest" time="2.349" errors="0" timestamp="2020-12-07T16:16:21 CET" skipped="0">
  <testcase classname="sEasyDemo.SE.singleInputFieldPageTest" name="getPage" time="2.349"/>
  <system-out/>
</testsuite> <!-- sEasyDemo.SE.singleInputFieldPageTest -->
