<?xml version="1.0" encoding="UTF-8"?>
<!-- Generated by org.testng.reporters.JUnitReportReporter -->
<testsuite hostname="Anita" failures="0" tests="1" name="sEasyDemo.SE.singleInputFieldPage" time="10.203" errors="0" timestamp="2020-11-12T16:00:46 CET" skipped="0">
  <testcase classname="sEasyDemo.SE.singleInputFieldPage" name="getPage" time="10.203"/>
  <system-out/>
</testsuite> <!-- sEasyDemo.SE.singleInputFieldPage -->
